<?xml version="1.0" encoding="UTF-8"?>
<!-- Generated by org.testng.reporters.JUnitXMLReporter -->
<testsuite ignored="0" hostname="DESKTOP-F41TUJF" failures="1" tests="1" name="Test" time="0.031" errors="0" timestamp="2021-05-28T00:10:26 PDT">
  <testcase classname="testng.basics03.DataProviderDemo" name="validLogin" time="0.0">
    <failure type="org.testng.TestNGException" message="
Some DataProvider public java.lang.Object[][] testng.basics03.DataProviderDemo.loginData(java.lang.String,java.lang.String) parameters unresolved:  at 0 type class java.lang.String
 at 1 type class java.lang.String
">
      <![CDATA[org.testng.TestNGException: 
Some DataProvider public java.lang.Object[][] testng.basics03.DataProviderDemo.loginData(java.lang.String,java.lang.String) parameters unresolved:  at 0 type class java.lang.String
 at 1 type class java.lang.String

at java.base/java.util.ArrayList.forEach(ArrayList.java:1511)
... Removed 25 stack frames]]>
    </failure>
  </testcase> <!-- validLogin -->
</testsuite> <!-- Test -->
