<?xml version="1.0" encoding="UTF-8"?>
<!-- Generated by org.testng.reporters.JUnitXMLReporter -->
<testsuite ignored="1" hostname="DESKTOP-F41TUJF" failures="0" tests="15" name="Test" time="22.67" errors="0" timestamp="2021-05-27T22:44:11 PDT">
  <testcase classname="testng.basics.Class01" name="aclasstest" time="0.003"/>
  <testcase classname="testng.basics.Class01" name="bclasstest" time="0.002"/>
  <testcase classname="testng.basics.Class01" name="cclasstest" time="0.001"/>
  <testcase classname="testng.basics02.EnableAndDisableDemo02" name="validLogin" time="1.79"/>
  <testcase classname="testng.basics02.EnableAndDisableDemo02" name="validationOfTitle" time="0.008"/>
  <testcase classname="testng.basics.LoginTestBatch09" name="validLogin" time="1.755"/>
  <testcase classname="testng.basics.LoginTestBatch09" name="validationOfTitle" time="0.006"/>
  <testcase classname="testng.basics.Task01" name="aTest" time="0.002"/>
  <testcase classname="testng.basics.Task01" name="bTest" time="0.002"/>
  <testcase classname="testng.basics.Task01" name="cTest" time="0.002"/>
  <testcase classname="testng.basics02.EnableAndDisableDemo" name="validLogin" time="1.781"/>
  <testcase classname="testng.basics02.EnableAndDisableDemo" name="validationOfTitle" time="0.005"/>
  <testcase classname="testng.basics02.PriorityDemo" name="secondMethod" time="0.003"/>
  <testcase classname="testng.basics02.PriorityDemo" name="firstMethod" time="0.001"/>
  <testcase classname="testng.basics02.PriorityDemo" name="thirdMethod" time="0.001"/>
  <testcase classname="testng.basics02.EnableAndDisableDemo" name="invalidLogin" time="0.0">
    <ignored/>
  </testcase> <!-- invalidLogin -->
</testsuite> <!-- Test -->
